<?xml version="1.0" encoding="UTF-8"?>
<!-- Generated by org.testng.reporters.JUnitXMLReporter -->
<testsuite ignored="0" hostname="DESKTOP-IRRGJGH" failures="0" tests="4" name="User API tests" time="5.26" errors="0" timestamp="2023-02-26T12:07:28 PST">
  <testcase classname="com.test.carina.demo.APISampleTest" name="testDeleteUsers" time="1.45"/>
  <testcase classname="com.test.carina.demo.APISampleTest" name="testCreateUserMissingSomeFields" time="1.455"/>
  <testcase classname="com.test.carina.demo.APISampleTest" name="testGetUsers" time="1.6"/>
  <testcase classname="com.test.carina.demo.APISampleTest" name="testCreateUser" time="5.205"/>
</testsuite> <!-- User API tests -->
