[2023-03-08 03:03:50] [1] [WARN] Reporting disabled: using no op test run registrar
[2023-03-08 03:03:50] [1] [ERROR] For some reason test method not found using reflection: testGoHome
[2023-03-08 03:03:50] [1] [INFO] TEST [carina.test - testGoHome] STARTED at [19:03:50 2023-03-07]
[2023-03-08 03:03:50] [1] [INFO] Starting driver session...
[2023-03-08 03:03:51] [1] [INFO] Driver session started.
[2023-03-08 03:03:51] [1] [INFO] INFO: opening url 'https://demoblaze.com'
[2023-03-08 03:03:53] [1] [INFO] PASS: element 'productTitle[Samsung galaxy s6]' is clicked.
[2023-03-08 03:03:53] [1] [INFO] PASS: element 'homeLink' is clicked.
[2023-03-08 03:03:54] [1] [ERROR] For some reason test method not found using reflection: testGoHome
[2023-03-08 03:03:54] [1] [INFO] TEST [carina.test - testGoHome] PASSED at [19:03:54 2023-03-07]
[2023-03-08 03:03:54] [1] [ERROR] For some reason test method not found using reflection: testGoHome
