<?xml version="1.0" encoding="UTF-8"?>
<testsuite xmlns:xsi="http://www.w3.org/2001/XMLSchema-instance" xsi:noNamespaceSchemaLocation="https://maven.apache.org/surefire/maven-surefire-plugin/xsd/surefire-test-report-3.0.xsd" version="3.0" name="TestSuite" time="6.657" tests="4" errors="0" skipped="0" failures="0">
  <properties>
[...]
</properties>
  <testcase name="testDeleteUsers" classname="com.test.carina.demo.APISampleTest" time="1.49">
    <system-out><![CDATA[WARN! Value not resolved by key: azure_container_name
WARN! Value not resolved by key: appcenter_token
2023-02-26 12:07:22 CarinaListener [main] [INFO] 
============= Test configuration =============
url=https://www.gsmarena.com
env=DEMO
auto_screenshot=true
project_report_directory=./reports
max_screen_history=10
localization_encoding=UTF-8
language=en_US
selenium_url=

------------- Driver capabilities -----------
capabilities.providerOptions=options
================================================

java.nio.file.NoSuchFileException: C:\Users\alex1\coding\carina_demo\carina.test\.\reports\emailable-report.html
C:\Users\alex1\coding\carina_demo\carina.test\.\reports\emailable-report.html
2023-02-26 12:07:22 TestRunRegistrar [main-1] [WARN] Reporting disabled: using no op test run registrar
2023-02-26 12:07:23 Reflections [main-1] [INFO] Reflections took 942 ms to scan 23 urls, producing 3473 keys and 17815 values 
2023-02-26 12:07:23 CarinaListener [main-1] [INFO] Use thread-count='5' from suite file.
2023-02-26 12:07:23 CarinaListener [main-1] [INFO] Set data-provider-thread-count=1
2023-02-26 12:07:23 CarinaListener [main-1] [INFO] CARINA_CORE_VERSION: 8.0.4
2023-02-26 12:07:23 TestRunRegistrar [TestNG-test=User API tests-3] [WARN] Reporting disabled: using no op test run registrar
2023-02-26 12:07:23 Messager [TestNG-test=User API tests-3-57] [INFO] TEST [User API tests - testDeleteUsers] STARTED at [12:07:23 2023-02-26]
2023-02-26 12:07:23 TestRunRegistrar [TestNG-test=User API tests-4] [WARN] Reporting disabled: using no op test run registrar
2023-02-26 12:07:23 Messager [TestNG-test=User API tests-4-58] [INFO] TEST [User API tests - testGetUsers] STARTED at [12:07:23 2023-02-26]
2023-02-26 12:07:23 TestRunRegistrar [TestNG-test=User API tests-2] [WARN] Reporting disabled: using no op test run registrar
2023-02-26 12:07:23 Messager [TestNG-test=User API tests-2-56] [INFO] TEST [User API tests - testCreateUserMissingSomeFields] STARTED at [12:07:23 2023-02-26]
2023-02-26 12:07:23 TestRunRegistrar [TestNG-test=User API tests-1] [WARN] Reporting disabled: using no op test run registrar
2023-02-26 12:07:23 Messager [TestNG-test=User API tests-1-55] [INFO] TEST [User API tests - testCreateUser] STARTED at [12:07:23 2023-02-26]
2023-02-26 12:07:23 APISampleTest [TestNG-test=User API tests-1-55] [INFO] test
2023-02-26 12:07:23 AbstractApiMethodV2 [TestNG-test=User API tests-2-56] [INFO] Base properties loaded: api/users/user.properties
2023-02-26 12:07:23 AbstractApiMethodV2 [TestNG-test=User API tests-1-55] [INFO] Base properties loaded: api/users/user.properties
2023-02-26 12:07:24 AbstractApiMethodV2 [TestNG-test=User API tests-3-57] [INFO] Base properties loaded: api/users/user.properties
2023-02-26 12:07:24 AbstractApiMethodV2 [TestNG-test=User API tests-1-55] [INFO] Base properties loaded: api/users/user.properties
2023-02-26 12:07:24 AbstractApiMethod [TestNG-test=User API tests-4-58] [INFO] Request method:	GET
Request URI:	https://jsonplaceholder.typicode.com/users
Request params:	<none>
Query params:	<none>
Form params:	<none>
Path params:	<none>
Multiparts:		<none>
Cookies:		<none>
Headers:		Accept=*/*
				Content-Type=application/json; charset=UTF-8
Body:			<none>
HTTP/1.1 200 OK
Date: Sun, 26 Feb 2023 20:07:24 GMT
Content-Type: application/json; charset=utf-8
Transfer-Encoding: chunked
Connection: keep-alive
X-Powered-By: Express
X-Ratelimit-Limit: 1000
X-Ratelimit-Remaining: 999
X-Ratelimit-Reset: 1666749919
Vary: Origin, Accept-Encoding
Access-Control-Allow-Credentials: true
Cache-Control: max-age=43200
Pragma: no-cache
Expires: -1
X-Content-Type-Options: nosniff
Etag: W/"160d-1eMSsxeJRfnVLRBmYJSbCiJZ1qQ"
Content-Encoding: gzip
Via: 1.1 vegur
CF-Cache-Status: HIT
Age: 7285
Server-Timing: cf-q-config;dur=7.0000023697503e-06
Report-To: {"endpoints":[{"url":"https:\/\/a.nel.cloudflare.com\/report\/v3?s=URJXBVe5SlqNDojM11GxcTJPVUaE2GzfostlQPycEMqhrNKnLubYiCi5NmDBMfu5cYZ0u%2BdFzOVlLHzcX6IDixZBnh3Mnxw%2BcPKkG2lLKqfs4p1LmnBVyaJQf%2F8t0ZfhwUuxSo2ZUcRulu9yccQ1"}],"group":"cf-nel","max_age":604800}
NEL: {"success_fraction":0,"report_to":"cf-nel","max_age":604800}
Server: cloudflare
CF-RAY: 79fb4e8bad849695-SJC
alt-svc: h3=":443"; ma=86400, h3-29=":443"; ma=86400

[
    {
        "id": 1,
        "name": "Leanne Graham",
        "username": "Bret",
        "email": "Sincere@april.biz",
        "address": {
            "street": "Kulas Light",
            "suite": "Apt. 556",
            "city": "Gwenborough",
            "zipcode": "92998-3874",
            "geo": {
                "lat": "-37.3159",
                "lng": "81.1496"
            }
        },
        "phone": "1-770-736-8031 x56442",
        "website": "hildegard.org",
        "company": {
            "name": "Romaguera-Crona",
            "catchPhrase": "Multi-layered client-server neural-net",
            "bs": "harness real-time e-markets"
        }
    },
    {
        "id": 2,
        "name": "Ervin Howell",
        "username": "Antonette",
        "email": "Shanna@melissa.tv",
        "address": {
            "street": "Victor Plains",
            "suite": "Suite 879",
            "city": "Wisokyburgh",
            "zipcode": "90566-7771",
            "geo": {
                "lat": "-43.9509",
                "lng": "-34.4618"
            }
        },
        "phone": "010-692-6593 x09125",
        "website": "anastasia.net",
        "company": {
            "name": "Deckow-Crist",
            "catchPhrase": "Proactive didactic contingency",
            "bs": "synergize scalable supply-chains"
        }
    },
    {
        "id": 3,
        "name": "Clementine Bauch",
        "username": "Samantha",
        "email": "Nathan@yesenia.net",
        "address": {
            "street": "Douglas Extension",
            "suite": "Suite 847",
            "city": "McKenziehaven",
            "zipcode": "59590-4157",
            "geo": {
                "lat": "-68.6102",
                "lng": "-47.0653"
            }
        },
        "phone": "1-463-123-4447",
        "website": "ramiro.info",
        "company": {
            "name": "Romaguera-Jacobson",
            "catchPhrase": "Face to face bifurcated interface",
            "bs": "e-enable strategic applications"
        }
    },
    {
        "id": 4,
        "name": "Patricia Lebsack",
        "username": "Karianne",
        "email": "Julianne.OConner@kory.org",
        "address": {
            "street": "Hoeger Mall",
            "suite": "Apt. 692",
            "city": "South Elvis",
            "zipcode": "53919-4257",
            "geo": {
                "lat": "29.4572",
                "lng": "-164.2990"
            }
        },
        "phone": "493-170-9623 x156",
        "website": "kale.biz",
        "company": {
            "name": "Robel-Corkery",
            "catchPhrase": "Multi-tiered zero tolerance productivity",
            "bs": "transition cutting-edge web services"
        }
    },
    {
        "id": 5,
        "name": "Chelsey Dietrich",
        "username": "Kamren",
        "email": "Lucio_Hettinger@annie.ca",
        "address": {
            "street": "Skiles Walks",
            "suite": "Suite 351",
            "city": "Roscoeview",
            "zipcode": "33263",
            "geo": {
                "lat": "-31.8129",
                "lng": "62.5342"
            }
        },
        "phone": "(254)954-1289",
        "website": "demarco.info",
        "company": {
            "name": "Keebler LLC",
            "catchPhrase": "User-centric fault-tolerant solution",
            "bs": "revolutionize end-to-end systems"
        }
    },
    {
        "id": 6,
        "name": "Mrs. Dennis Schulist",
        "username": "Leopoldo_Corkery",
        "email": "Karley_Dach@jasper.info",
        "address": {
            "street": "Norberto Crossing",
            "suite": "Apt. 950",
            "city": "South Christy",
            "zipcode": "23505-1337",
            "geo": {
                "lat": "-71.4197",
                "lng": "71.7478"
            }
        },
        "phone": "1-477-935-8478 x6430",
        "website": "ola.org",
        "company": {
            "name": "Considine-Lockman",
            "catchPhrase": "Synchronised bottom-line interface",
            "bs": "e-enable innovative applications"
        }
    },
    {
        "id": 7,
        "name": "Kurtis Weissnat",
        "username": "Elwyn.Skiles",
        "email": "Telly.Hoeger@billy.biz",
        "address": {
            "street": "Rex Trail",
            "suite": "Suite 280",
            "city": "Howemouth",
            "zipcode": "58804-1099",
            "geo": {
                "lat": "24.8918",
                "lng": "21.8984"
            }
        },
        "phone": "210.067.6132",
        "website": "elvis.io",
        "company": {
            "name": "Johns Group",
            "catchPhrase": "Configurable multimedia task-force",
            "bs": "generate enterprise e-tailers"
        }
    },
    {
        "id": 8,
        "name": "Nicholas Runolfsdottir V",
        "username": "Maxime_Nienow",
        "email": "Sherwood@rosamond.me",
        "address": {
            "street": "Ellsworth Summit",
            "suite": "Suite 729",
            "city": "Aliyaview",
            "zipcode": "45169",
            "geo": {
                "lat": "-14.3990",
                "lng": "-120.7677"
            }
        },
        "phone": "586.493.6943 x140",
        "website": "jacynthe.com",
        "company": {
            "name": "Abernathy Group",
            "catchPhrase": "Implemented secondary concept",
            "bs": "e-enable extensible e-tailers"
        }
    },
    {
        "id": 9,
        "name": "Glenna Reichert",
        "username": "Delphine",
        "email": "Chaim_McDermott@dana.io",
        "address": {
            "street": "Dayna Park",
            "suite": "Suite 449",
            "city": "Bartholomebury",
            "zipcode": "76495-3109",
            "geo": {
                "lat": "24.6463",
                "lng": "-168.8889"
            }
        },
        "phone": "(775)976-6794 x41206",
        "website": "conrad.com",
        "company": {
            "name": "Yost and Sons",
            "catchPhrase": "Switchable contextually-based project",
            "bs": "aggregate real-time technologies"
        }
    },
    {
        "id": 10,
        "name": "Clementina DuBuque",
        "username": "Moriah.Stanton",
        "email": "Rey.Padberg@karina.biz",
        "address": {
            "street": "Kattie Turnpike",
            "suite": "Suite 198",
            "city": "Lebsackbury",
            "zipcode": "31428-2261",
            "geo": {
                "lat": "-38.2386",
                "lng": "57.2232"
            }
        },
        "phone": "024-648-3804",
        "website": "ambrose.net",
        "company": {
            "name": "Hoeger LLC",
            "catchPhrase": "Centralized empowering task-force",
            "bs": "target end-to-end models"
        }
    }
]

2023-02-26 12:07:24 JsonValidator [TestNG-test=User API tests-4-58] [INFO] JSON schema of version below or equal to draft-04 was detected
2023-02-26 12:07:24 AbstractApiMethod [TestNG-test=User API tests-3-57] [INFO] Request method:	DELETE
Request URI:	https://jsonplaceholder.typicode.com/users/1
Request params:	<none>
Query params:	<none>
Form params:	<none>
Path params:	<none>
Multiparts:		<none>
Cookies:		<none>
Headers:		Accept=*/*
				Content-Type=application/json; charset=UTF-8
Body:
[
    {
        "id": 1,
        "name": "Leanne Graham",
        "username": "kqovqsqx",
        "email": "Sincere@april.biz",
        "address": {
            "street": "Kulas Light",
            "suite": "Apt. 556",
            "city": "Gwenborough",
            "zipcode": "92998-3874",
            "geo": {
                "lat": "-37.3159",
                "lng": "81.1496"
            }
        },
        "phone": "1-770-736-8031 x56442",
        "website": "hildegard.org",
        "company": {
            "name": "qyrjgiil",
            "catchPhrase": "Multi-layered client-server neural-net",
            "bs": "harness real-time e-markets"
        }
    },
    {
        "id": 2,
        "name": "Leanne Graham",
        "username": "kqovqsqx",
        "email": "Sincere@april.biz",
        "address": {
            "street": "Kulas Light",
            "suite": "Apt. 556",
            "city": "Gwenborough",
            "zipcode": "92998-3874",
            "geo": {
                "lat": "-37.3159",
                "lng": "81.1496"
            }
        },
        "phone": "1-770-736-8031 x56442",
        "website": "hildegard.org",
        "company": {
            "name": "qyrjgiil",
            "catchPhrase": "Multi-layered client-server neural-net",
            "bs": "harness real-time e-markets"
        }
    }
]
HTTP/1.1 200 OK
Date: Sun, 26 Feb 2023 20:07:24 GMT
Content-Type: application/json; charset=utf-8
Content-Length: 2
Connection: keep-alive
X-Powered-By: Express
X-Ratelimit-Limit: 1000
X-Ratelimit-Remaining: 999
X-Ratelimit-Reset: 1677442092
Vary: Origin, Accept-Encoding
Access-Control-Allow-Credentials: true
Cache-Control: no-cache
Pragma: no-cache
Expires: -1
X-Content-Type-Options: nosniff
Etag: W/"2-vyGp6PvFo4RvsFtPoIWeCReyIC8"
Via: 1.1 vegur
CF-Cache-Status: DYNAMIC
Server-Timing: cf-q-config;dur=2.0000006770715e-06
Report-To: {"endpoints":[{"url":"https:\/\/a.nel.cloudflare.com\/report\/v3?s=XQXCsQKoRRmSM4MV9rHmv%2FlzHqqi6PEYrDfVprLcOQ6YZSm%2F%2FBR14k4r4BxHlvzYVvbYhfzjqf9UHurYmAzzxgjGaBHvmuihazJolhG50Id31L1rDETz2dDvLrUepQzg01r7Mt5RNphL5oOdUmIw"}],"group":"cf-nel","max_age":604800}
NEL: {"success_fraction":0,"report_to":"cf-nel","max_age":604800}
Server: cloudflare
CF-RAY: 79fb4e8bad95987f-SJC
alt-svc: h3=":443"; ma=86400, h3-29=":443"; ma=86400

{
    
}

2023-02-26 12:07:24 Messager [TestNG-test=User API tests-3-57] [INFO] TEST [User API tests - testDeleteUsers] PASSED at [12:07:24 2023-02-26]
2023-02-26 12:07:24 AbstractApiMethod [TestNG-test=User API tests-2-56] [INFO] Request method:	POST
Request URI:	https://jsonplaceholder.typicode.com/users
Request params:	<none>
Query params:	<none>
Form params:	<none>
Path params:	<none>
Multiparts:		<none>
Cookies:		<none>
Headers:		Accept=*/*
				Content-Type=application/json; charset=UTF-8
Body:
[
    {
        "id": 1,
        "email": "Sincere@april.biz",
        "address": {
            "street": "Kulas Light",
            "suite": "Apt. 556",
            "city": "Gwenborough",
            "zipcode": "92998-3874",
            "geo": {
                "lat": "-37.3159",
                "lng": "81.1496"
            }
        },
        "phone": "1-770-736-8031 x56442",
        "website": "hildegard.org",
        "company": {
            "name": "qsqvvvpp",
            "catchPhrase": "Multi-layered client-server neural-net",
            "bs": "harness real-time e-markets"
        }
    }
]
HTTP/1.1 201 Created
Date: Sun, 26 Feb 2023 20:07:24 GMT
Content-Type: application/json; charset=utf-8
Content-Length: 516
Connection: keep-alive
X-Powered-By: Express
X-Ratelimit-Limit: 1000
X-Ratelimit-Remaining: 998
X-Ratelimit-Reset: 1677442092
Vary: Origin, X-HTTP-Method-Override, Accept-Encoding
Access-Control-Allow-Credentials: true
Cache-Control: no-cache
Pragma: no-cache
Expires: -1
Access-Control-Expose-Headers: Location
Location: http://jsonplaceholder.typicode.com/users/11
X-Content-Type-Options: nosniff
Etag: W/"204-HoyWcYIwYflJwgLtDh2GbgyHWwo"
Via: 1.1 vegur
CF-Cache-Status: DYNAMIC
Server-Timing: cf-q-config;dur=6.0000020312145e-06
Report-To: {"endpoints":[{"url":"https:\/\/a.nel.cloudflare.com\/report\/v3?s=9RjwWk2pUpVmHrYXYyRK5hhfKvvAxxLulWIDAaab0dIAWOUMG5fgzfkMjlMSOVp7M8NL32encTQ9tPljVPnk3QpKRGPxqvSoS8B%2BSFw2SKUsn2wAHLuT2TnF0CV6Rcx98E8J6F1J6ol%2BcKK1aBBl"}],"group":"cf-nel","max_age":604800}
NEL: {"success_fraction":0,"report_to":"cf-nel","max_age":604800}
Server: cloudflare
CF-RAY: 79fb4e8badd4ce40-SJC
alt-svc: h3=":443"; ma=86400, h3-29=":443"; ma=86400

{
    "0": {
        "id": 1,
        "email": "Sincere@april.biz",
        "address": {
            "street": "Kulas Light",
            "suite": "Apt. 556",
            "city": "Gwenborough",
            "zipcode": "92998-3874",
            "geo": {
                "lat": "-37.3159",
                "lng": "81.1496"
            }
        },
        "phone": "1-770-736-8031 x56442",
        "website": "hildegard.org",
        "company": {
            "name": "qsqvvvpp",
            "catchPhrase": "Multi-layered client-server neural-net",
            "bs": "harness real-time e-markets"
        }
    },
    "id": 11
}

2023-02-26 12:07:24 APIMethodPoller [TestNG-test=User API tests-1-55] [INFO] Request method:	POST
Request URI:	https://jsonplaceholder.typicode.com/users
Request params:	<none>
Query params:	<none>
Form params:	<none>
Path params:	<none>
Multiparts:		<none>
Cookies:		<none>
Headers:		Accept=*/*
				Content-Type=application/json; charset=UTF-8
Body:
[
    {
        "id": 1,
        "name": "Leanne Graham",
        "username": "fgghbjdj",
        "email": "Sincere@april.biz",
        "address": {
            "street": "Kulas Light",
            "suite": "Apt. 556",
            "city": "Gwenborough",
            "zipcode": "92998-3874",
            "geo": {
                "lat": "-37.3159",
                "lng": "81.1496"
            }
        },
        "phone": "1-770-736-8031 x56442",
        "website": "hildegard.org",
        "company": {
            "name": "stosqrqu",
            "catchPhrase": "Multi-layered client-server neural-net",
            "bs": "harness real-time e-markets"
        }
    }
]
HTTP/1.1 201 Created
Date: Sun, 26 Feb 2023 20:07:24 GMT
Content-Type: application/json; charset=utf-8
Content-Length: 573
Connection: keep-alive
X-Powered-By: Express
X-Ratelimit-Limit: 1000
X-Ratelimit-Remaining: 997
X-Ratelimit-Reset: 1677442092
Vary: Origin, X-HTTP-Method-Override, Accept-Encoding
Access-Control-Allow-Credentials: true
Cache-Control: no-cache
Pragma: no-cache
Expires: -1
Access-Control-Expose-Headers: Location
Location: http://jsonplaceholder.typicode.com/users/11
X-Content-Type-Options: nosniff
Etag: W/"23d-MGmkDbUzSfU/eOvDnR1UfUMibEc"
Via: 1.1 vegur
CF-Cache-Status: DYNAMIC
Server-Timing: cf-q-config;dur=1.2000004062429e-05
Report-To: {"endpoints":[{"url":"https:\/\/a.nel.cloudflare.com\/report\/v3?s=p1pHOpfInXYelLLBMSioGnvSpgvRcJJ2cReTHOOLdkBMrwb5fILZkQsPyLtGIw2HGubne6oRtYsvGhSlJBQo6GxbksiOlKxQBNZpqdthHgc8qxpXtlZOV%2BlQNug94zozYOajsevmANDoBJcEBXR7"}],"group":"cf-nel","max_age":604800}
NEL: {"success_fraction":0,"report_to":"cf-nel","max_age":604800}
Server: cloudflare
CF-RAY: 79fb4e8bac48faa6-SJC
alt-svc: h3=":443"; ma=86400, h3-29=":443"; ma=86400

{
    "0": {
        "id": 1,
        "name": "Leanne Graham",
        "username": "fgghbjdj",
        "email": "Sincere@april.biz",
        "address": {
            "street": "Kulas Light",
            "suite": "Apt. 556",
            "city": "Gwenborough",
            "zipcode": "92998-3874",
            "geo": {
                "lat": "-37.3159",
                "lng": "81.1496"
            }
        },
        "phone": "1-770-736-8031 x56442",
        "website": "hildegard.org",
        "company": {
            "name": "stosqrqu",
            "catchPhrase": "Multi-layered client-server neural-net",
            "bs": "harness real-time e-markets"
        }
    },
    "id": 11
}

]]></system-out>
  </testcase>
  <testcase name="testCreateUserMissingSomeFields" classname="com.test.carina.demo.APISampleTest" time="1.491">
    <system-out><![CDATA[2023-02-26 12:07:24 Messager [TestNG-test=User API tests-2-56] [INFO] TEST [User API tests - testCreateUserMissingSomeFields] PASSED at [12:07:24 2023-02-26]
]]></system-out>
  </testcase>
  <testcase name="testGetUsers" classname="com.test.carina.demo.APISampleTest" time="1.598">
    <system-out><![CDATA[2023-02-26 12:07:25 JsonValidator [TestNG-test=User API tests-4-58] [INFO] Validation against Json schema successfully passed
2023-02-26 12:07:25 Messager [TestNG-test=User API tests-4-58] [INFO] TEST [User API tests - testGetUsers] PASSED at [12:07:25 2023-02-26]
]]></system-out>
  </testcase>
  <testcase name="testCreateUser" classname="com.test.carina.demo.APISampleTest" time="5.206">
    <system-out><![CDATA[2023-02-26 12:07:26 APIMethodPoller [TestNG-test=User API tests-1-55] [INFO] Request method:	POST
Request URI:	https://jsonplaceholder.typicode.com/users
Request params:	<none>
Query params:	<none>
Form params:	<none>
Path params:	<none>
Multiparts:		<none>
Cookies:		<none>
Headers:		Accept=*/*
				Content-Type=application/json; charset=UTF-8
Body:
[
    {
        "id": 1,
        "name": "Leanne Graham",
        "username": "fgghbjdj",
        "email": "Sincere@april.biz",
        "address": {
            "street": "Kulas Light",
            "suite": "Apt. 556",
            "city": "Gwenborough",
            "zipcode": "92998-3874",
            "geo": {
                "lat": "-37.3159",
                "lng": "81.1496"
            }
        },
        "phone": "1-770-736-8031 x56442",
        "website": "hildegard.org",
        "company": {
            "name": "stosqrqu",
            "catchPhrase": "Multi-layered client-server neural-net",
            "bs": "harness real-time e-markets"
        }
    }
]
HTTP/1.1 201 Created
Date: Sun, 26 Feb 2023 20:07:26 GMT
Content-Type: application/json; charset=utf-8
Content-Length: 573
Connection: keep-alive
X-Powered-By: Express
X-Ratelimit-Limit: 1000
X-Ratelimit-Remaining: 996
X-Ratelimit-Reset: 1677442092
Vary: Origin, X-HTTP-Method-Override, Accept-Encoding
Access-Control-Allow-Credentials: true
Cache-Control: no-cache
Pragma: no-cache
Expires: -1
Access-Control-Expose-Headers: Location
Location: http://jsonplaceholder.typicode.com/users/11
X-Content-Type-Options: nosniff
Etag: W/"23d-MGmkDbUzSfU/eOvDnR1UfUMibEc"
Via: 1.1 vegur
CF-Cache-Status: DYNAMIC
Server-Timing: cf-q-config;dur=5.9999947552569e-06
Report-To: {"endpoints":[{"url":"https:\/\/a.nel.cloudflare.com\/report\/v3?s=bG6fu%2F9%2Bx1xpOY8cNYL000xpslHxsdR%2BYuAq4mOmGs6Jt1DKb6Y2%2B%2FwzsvQ%2BTFCWH6vv83ay0%2FEtYxRLZcZWyydx1kA54SzfJLaTDTd6E0%2B4vN%2ByEBwfL%2B8RiBcs3FBl4v%2ByKWLhzI%2BFwEZsStsE"}],"group":"cf-nel","max_age":604800}
NEL: {"success_fraction":0,"report_to":"cf-nel","max_age":604800}
Server: cloudflare
CF-RAY: 79fb4e936a929855-SJC
alt-svc: h3=":443"; ma=86400, h3-29=":443"; ma=86400

{
    "0": {
        "id": 1,
        "name": "Leanne Graham",
        "username": "fgghbjdj",
        "email": "Sincere@april.biz",
        "address": {
            "street": "Kulas Light",
            "suite": "Apt. 556",
            "city": "Gwenborough",
            "zipcode": "92998-3874",
            "geo": {
                "lat": "-37.3159",
                "lng": "81.1496"
            }
        },
        "phone": "1-770-736-8031 x56442",
        "website": "hildegard.org",
        "company": {
            "name": "stosqrqu",
            "catchPhrase": "Multi-layered client-server neural-net",
            "bs": "harness real-time e-markets"
        }
    },
    "id": 11
}

2023-02-26 12:07:27 APIMethodPoller [TestNG-test=User API tests-1-55] [INFO] Request method:	POST
Request URI:	https://jsonplaceholder.typicode.com/users
Request params:	<none>
Query params:	<none>
Form params:	<none>
Path params:	<none>
Multiparts:		<none>
Cookies:		<none>
Headers:		Accept=*/*
				Content-Type=application/json; charset=UTF-8
Body:
[
    {
        "id": 1,
        "name": "Leanne Graham",
        "username": "fgghbjdj",
        "email": "Sincere@april.biz",
        "address": {
            "street": "Kulas Light",
            "suite": "Apt. 556",
            "city": "Gwenborough",
            "zipcode": "92998-3874",
            "geo": {
                "lat": "-37.3159",
                "lng": "81.1496"
            }
        },
        "phone": "1-770-736-8031 x56442",
        "website": "hildegard.org",
        "company": {
            "name": "stosqrqu",
            "catchPhrase": "Multi-layered client-server neural-net",
            "bs": "harness real-time e-markets"
        }
    }
]
HTTP/1.1 201 Created
Date: Sun, 26 Feb 2023 20:07:27 GMT
Content-Type: application/json; charset=utf-8
Content-Length: 573
Connection: keep-alive
X-Powered-By: Express
X-Ratelimit-Limit: 1000
X-Ratelimit-Remaining: 995
X-Ratelimit-Reset: 1677442092
Vary: Origin, X-HTTP-Method-Override, Accept-Encoding
Access-Control-Allow-Credentials: true
Cache-Control: no-cache
Pragma: no-cache
Expires: -1
Access-Control-Expose-Headers: Location
Location: http://jsonplaceholder.typicode.com/users/11
X-Content-Type-Options: nosniff
Etag: W/"23d-MGmkDbUzSfU/eOvDnR1UfUMibEc"
Via: 1.1 vegur
CF-Cache-Status: DYNAMIC
Server-Timing: cf-q-config;dur=7.0000096457079e-06
Report-To: {"endpoints":[{"url":"https:\/\/a.nel.cloudflare.com\/report\/v3?s=Fh2u%2Bfi4Qo%2FCr3n%2F8zDM%2FERWWL1miFuejuTnKzHZKOFg3vpUBgs5peBQdOG98A3gqDxf1rNCSWE6rqlXqTJuIcWyJQhGLcv3MzcFkSOFOPHdk%2FOmUu0lN8Khqay5k76gsJ6wRD4FiSMPW4e%2F6RaQ"}],"group":"cf-nel","max_age":604800}
NEL: {"success_fraction":0,"report_to":"cf-nel","max_age":604800}
Server: cloudflare
CF-RAY: 79fb4e9b3ca4fa76-SJC
alt-svc: h3=":443"; ma=86400, h3-29=":443"; ma=86400

{
    "0": {
        "id": 1,
        "name": "Leanne Graham",
        "username": "fgghbjdj",
        "email": "Sincere@april.biz",
        "address": {
            "street": "Kulas Light",
            "suite": "Apt. 556",
            "city": "Gwenborough",
            "zipcode": "92998-3874",
            "geo": {
                "lat": "-37.3159",
                "lng": "81.1496"
            }
        },
        "phone": "1-770-736-8031 x56442",
        "website": "hildegard.org",
        "company": {
            "name": "stosqrqu",
            "catchPhrase": "Multi-layered client-server neural-net",
            "bs": "harness real-time e-markets"
        }
    },
    "id": 11
}

2023-02-26 12:07:28 APIMethodPoller [TestNG-test=User API tests-1-55] [INFO] Request method:	POST
Request URI:	https://jsonplaceholder.typicode.com/users
Request params:	<none>
Query params:	<none>
Form params:	<none>
Path params:	<none>
Multiparts:		<none>
Cookies:		<none>
Headers:		Accept=*/*
				Content-Type=application/json; charset=UTF-8
Body:
[
    {
        "id": 1,
        "name": "Leanne Graham",
        "username": "fgghbjdj",
        "email": "Sincere@april.biz",
        "address": {
            "street": "Kulas Light",
            "suite": "Apt. 556",
            "city": "Gwenborough",
            "zipcode": "92998-3874",
            "geo": {
                "lat": "-37.3159",
                "lng": "81.1496"
            }
        },
        "phone": "1-770-736-8031 x56442",
        "website": "hildegard.org",
        "company": {
            "name": "stosqrqu",
            "catchPhrase": "Multi-layered client-server neural-net",
            "bs": "harness real-time e-markets"
        }
    }
]
HTTP/1.1 201 Created
Date: Sun, 26 Feb 2023 20:07:28 GMT
Content-Type: application/json; charset=utf-8
Content-Length: 573
Connection: keep-alive
X-Powered-By: Express
X-Ratelimit-Limit: 1000
X-Ratelimit-Remaining: 994
X-Ratelimit-Reset: 1677442092
Vary: Origin, X-HTTP-Method-Override, Accept-Encoding
Access-Control-Allow-Credentials: true
Cache-Control: no-cache
Pragma: no-cache
Expires: -1
Access-Control-Expose-Headers: Location
Location: http://jsonplaceholder.typicode.com/users/11
X-Content-Type-Options: nosniff
Etag: W/"23d-MGmkDbUzSfU/eOvDnR1UfUMibEc"
Via: 1.1 vegur
CF-Cache-Status: DYNAMIC
Server-Timing: cf-q-config;dur=9.0000030468218e-06
Report-To: {"endpoints":[{"url":"https:\/\/a.nel.cloudflare.com\/report\/v3?s=%2F6K%2BQkulaqlPhMGANt5uoooskXihpTcE%2BFlDp8QOCbalRHzsxQUK3H6Ou1ddM38tsjwhCxaZF8kK0hVrkYRd%2BjYz%2B9SqDy60SQK2WP%2F3gfbTX97tYJIrhKh73vBIK%2F81qEjNxC%2FzKUf7wh1Iv7iG"}],"group":"cf-nel","max_age":604800}
NEL: {"success_fraction":0,"report_to":"cf-nel","max_age":604800}
Server: cloudflare
CF-RAY: 79fb4ea30cca24f7-SJC
alt-svc: h3=":443"; ma=86400, h3-29=":443"; ma=86400

{
    "0": {
        "id": 1,
        "name": "Leanne Graham",
        "username": "fgghbjdj",
        "email": "Sincere@april.biz",
        "address": {
            "street": "Kulas Light",
            "suite": "Apt. 556",
            "city": "Gwenborough",
            "zipcode": "92998-3874",
            "geo": {
                "lat": "-37.3159",
                "lng": "81.1496"
            }
        },
        "phone": "1-770-736-8031 x56442",
        "website": "hildegard.org",
        "company": {
            "name": "stosqrqu",
            "catchPhrase": "Multi-layered client-server neural-net",
            "bs": "harness real-time e-markets"
        }
    },
    "id": 11
}

2023-02-26 12:07:28 Messager [TestNG-test=User API tests-1-55] [INFO] TEST [User API tests - testCreateUser] PASSED at [12:07:28 2023-02-26]
]]></system-out>
  </testcase>
</testsuite>