[2023-03-07 01:50:55] [1] [WARN] Reporting disabled: using no op test run registrar
[2023-03-07 01:50:55] [1] [ERROR] For some reason test method not found using reflection: testGoHome
[2023-03-07 01:50:55] [1] [INFO] TEST [carina.test - testGoHome] STARTED at [17:50:55 2023-03-06]
[2023-03-07 01:50:55] [1] [INFO] Starting driver session...
[2023-03-07 01:50:56] [1] [INFO] Driver session started.
[2023-03-07 01:50:56] [1] [INFO] INFO: opening url 'https://demoblaze.com'
[2023-03-07 01:50:59] [1] [INFO] PASS: element 'productTitle[Samsung galaxy s6]' is clicked.
[2023-03-07 01:51:00] [1] [INFO] PASS: element 'homeLink' is clicked.
[2023-03-07 01:51:01] [1] [ERROR] For some reason test method not found using reflection: testGoHome
[2023-03-07 01:51:01] [1] [INFO] TEST [carina.test - testGoHome] PASSED at [17:51:01 2023-03-06]
[2023-03-07 01:51:01] [1] [ERROR] For some reason test method not found using reflection: testGoHome
